0 info it worked if it ends with ok
1 verbose cli [ '/usr/bin/nodejs', '/usr/bin/npm', 'run', 'dev-build' ]
2 info using npm@3.5.2
3 info using node@v4.2.6
4 verbose run-script [ 'predev-build', 'dev-build', 'postdev-build' ]
5 info lifecycle slingshot@1.0.0~predev-build: slingshot@1.0.0
6 silly lifecycle slingshot@1.0.0~predev-build: no script for predev-build, continuing
7 info lifecycle slingshot@1.0.0~dev-build: slingshot@1.0.0
8 verbose lifecycle slingshot@1.0.0~dev-build: unsafe-perm in lifecycle true
9 verbose lifecycle slingshot@1.0.0~dev-build: PATH: /usr/share/npm/bin/node-gyp-bin:/home/jdv/slingshot/static/node_modules/.bin:/home/jdv/bin:/home/jdv/.local/bin:/usr/local/sbin:/usr/local/bin:/usr/sbin:/usr/bin:/sbin:/bin:/usr/games:/usr/local/games
10 verbose lifecycle slingshot@1.0.0~dev-build: CWD: /home/jdv/slingshot/static
11 silly lifecycle slingshot@1.0.0~dev-build: Args: [ '-c', 'webpack --progress -d --config webpack.config.js' ]
12 info lifecycle slingshot@1.0.0~dev-build: Failed to exec dev-build script
13 verbose stack Error: slingshot@1.0.0 dev-build: `webpack --progress -d --config webpack.config.js`
13 verbose stack spawn ENOENT
13 verbose stack     at ChildProcess.<anonymous> (/usr/share/npm/lib/utils/spawn.js:17:16)
13 verbose stack     at emitTwo (events.js:87:13)
13 verbose stack     at ChildProcess.emit (events.js:172:7)
13 verbose stack     at maybeClose (internal/child_process.js:821:16)
13 verbose stack     at Process.ChildProcess._handle.onexit (internal/child_process.js:211:5)
14 verbose pkgid slingshot@1.0.0
15 verbose cwd /home/jdv/slingshot/static
16 error Linux 4.10.0-38-generic
17 error argv "/usr/bin/nodejs" "/usr/bin/npm" "run" "dev-build"
18 error node v4.2.6
19 error npm  v3.5.2
20 error file sh
21 error code ELIFECYCLE
22 error errno ENOENT
23 error syscall spawn
24 error slingshot@1.0.0 dev-build: `webpack --progress -d --config webpack.config.js`
24 error spawn ENOENT
25 error Failed at the slingshot@1.0.0 dev-build script 'webpack --progress -d --config webpack.config.js'.
25 error Make sure you have the latest version of node.js and npm installed.
25 error If you do, this is most likely a problem with the slingshot package,
25 error not with npm itself.
25 error Tell the author that this fails on your system:
25 error     webpack --progress -d --config webpack.config.js
25 error You can get information on how to open an issue for this project with:
25 error     npm bugs slingshot
25 error Or if that isn't available, you can get their info via:
25 error     npm owner ls slingshot
25 error There is likely additional logging output above.
26 verbose exit [ 1, true ]
